Flow report for Single_Cycle_Processor
Fri Jul 05 23:13:08 2024
Quartus Prime Version 18.0.0 Build 614 04/24/2018 SJ Lite Edition


---------------------
; Table of Contents ;
---------------------
  1. Legal Notice
  2. Flow Summary
  3. Flow Settings
  4. Flow Non-Default Global Settings
  5. Flow Elapsed Time
  6. Flow OS Summary
  7. Flow Log
  8. Flow Messages
  9. Flow Suppressed Messages



----------------
; Legal Notice ;
----------------
Copyright (C) 2018  Intel Corporation. All rights reserved.
Your use of Intel Corporation's design tools, logic functions 
and other software and tools, and its AMPP partner logic 
functions, and any output files from any of the foregoing 
(including device programming or simulation files), and any 
associated documentation or information are expressly subject 
to the terms and conditions of the Intel Program License 
Subscription Agreement, the Intel Quartus Prime License Agreement,
the Intel FPGA IP License Agreement, or other applicable license
agreement, including, without limitation, that your use is for
the sole purpose of programming logic devices manufactured by
Intel and sold by Intel or its authorized distributors.  Please
refer to the applicable agreement for further details.



+----------------------------------------------------------------------------------+
; Flow Summary                                                                     ;
+------------------------------------+---------------------------------------------+
; Flow Status                        ; Successful - Fri Jul 05 23:13:08 2024       ;
; Quartus Prime Version              ; 18.0.0 Build 614 04/24/2018 SJ Lite Edition ;
; Revision Name                      ; Single_Cycle_Processor                      ;
; Top-level Entity Name              ; SingleCycle_Top                             ;
; Family                             ; MAX 10                                      ;
; Device                             ; 10M50DAF256C7G                              ;
; Timing Models                      ; Final                                       ;
; Total logic elements               ; 1 / 49,760 ( < 1 % )                        ;
;     Total combinational functions  ; 1 / 49,760 ( < 1 % )                        ;
;     Dedicated logic registers      ; 0 / 49,760 ( 0 % )                          ;
; Total registers                    ; 0                                           ;
; Total pins                         ; 70 / 178 ( 39 % )                           ;
; Total virtual pins                 ; 0                                           ;
; Total memory bits                  ; 0 / 1,677,312 ( 0 % )                       ;
; Embedded Multiplier 9-bit elements ; 0 / 288 ( 0 % )                             ;
; Total PLLs                         ; 0 / 4 ( 0 % )                               ;
; UFM blocks                         ; 0 / 1 ( 0 % )                               ;
; ADC blocks                         ; 0 / 2 ( 0 % )                               ;
+------------------------------------+---------------------------------------------+


+--------------------------------------------+
; Flow Settings                              ;
+-------------------+------------------------+
; Option            ; Setting                ;
+-------------------+------------------------+
; Start date & time ; 07/05/2024 23:12:15    ;
; Main task         ; Compilation            ;
; Revision Name     ; Single_Cycle_Processor ;
+-------------------+------------------------+


+-----------------------------------------------------------------------------------------------------------------------------------------------+
; Flow Non-Default Global Settings                                                                                                              ;
+--------------------------------------+----------------------------------------+------------------------+-----------------+--------------------+
; Assignment Name                      ; Value                                  ; Default Value          ; Entity Name     ; Section Id         ;
+--------------------------------------+----------------------------------------+------------------------+-----------------+--------------------+
; COMPILER_SIGNATURE_ID                ; 2545246143970.172023193400372          ; --                     ; --              ; --                 ;
; EDA_DESIGN_INSTANCE_NAME             ; NA                                     ; --                     ; --              ; SingleCycle_Top_tb ;
; EDA_NATIVELINK_SIMULATION_TEST_BENCH ; SingleCycle_Top_tb                     ; --                     ; --              ; eda_simulation     ;
; EDA_OUTPUT_DATA_FORMAT               ; Verilog Hdl                            ; --                     ; --              ; eda_simulation     ;
; EDA_SIMULATION_TOOL                  ; ModelSim-Altera (Verilog)              ; <None>                 ; --              ; --                 ;
; EDA_TEST_BENCH_ENABLE_STATUS         ; TEST_BENCH_MODE                        ; --                     ; --              ; eda_simulation     ;
; EDA_TEST_BENCH_FILE                  ; SingleCycle_Top_tb.sv                  ; --                     ; --              ; SingleCycle_Top_tb ;
; EDA_TEST_BENCH_MODULE_NAME           ; SingleCycle_Top_tb                     ; --                     ; --              ; SingleCycle_Top_tb ;
; EDA_TEST_BENCH_NAME                  ; SingleCycle_Top_tb                     ; --                     ; --              ; eda_simulation     ;
; EDA_TIME_SCALE                       ; 1 ps                                   ; --                     ; --              ; eda_simulation     ;
; MAX_CORE_JUNCTION_TEMP               ; 85                                     ; --                     ; --              ; --                 ;
; MIN_CORE_JUNCTION_TEMP               ; 0                                      ; --                     ; --              ; --                 ;
; PARTITION_COLOR                      ; -- (Not supported for targeted family) ; --                     ; SingleCycle_Top ; Top                ;
; PARTITION_FITTER_PRESERVATION_LEVEL  ; -- (Not supported for targeted family) ; --                     ; SingleCycle_Top ; Top                ;
; PARTITION_NETLIST_TYPE               ; -- (Not supported for targeted family) ; --                     ; SingleCycle_Top ; Top                ;
; POWER_BOARD_THERMAL_MODEL            ; None (CONSERVATIVE)                    ; --                     ; --              ; --                 ;
; POWER_PRESET_COOLING_SOLUTION        ; 23 MM HEAT SINK WITH 200 LFPM AIRFLOW  ; --                     ; --              ; --                 ;
; PROJECT_OUTPUT_DIRECTORY             ; output_files                           ; --                     ; --              ; --                 ;
; TOP_LEVEL_ENTITY                     ; SingleCycle_Top                        ; Single_Cycle_Processor ; --              ; --                 ;
+--------------------------------------+----------------------------------------+------------------------+-----------------+--------------------+


+--------------------------------------------------------------------------------------------------------------------------+
; Flow Elapsed Time                                                                                                        ;
+----------------------+--------------+-------------------------+---------------------+------------------------------------+
; Module Name          ; Elapsed Time ; Average Processors Used ; Peak Virtual Memory ; Total CPU Time (on all processors) ;
+----------------------+--------------+-------------------------+---------------------+------------------------------------+
; Analysis & Synthesis ; 00:00:33     ; 1.0                     ; 4837 MB             ; 00:00:15                           ;
; Fitter               ; 00:00:08     ; 1.0                     ; 6192 MB             ; 00:00:06                           ;
; Assembler            ; 00:00:04     ; 1.0                     ; 4684 MB             ; 00:00:02                           ;
; Timing Analyzer      ; 00:00:03     ; 1.0                     ; 4906 MB             ; 00:00:01                           ;
; EDA Netlist Writer   ; 00:00:01     ; 1.0                     ; 4645 MB             ; 00:00:00                           ;
; Total                ; 00:00:49     ; --                      ; --                  ; 00:00:24                           ;
+----------------------+--------------+-------------------------+---------------------+------------------------------------+


+------------------------------------------------------------------------------------+
; Flow OS Summary                                                                    ;
+----------------------+------------------+------------+------------+----------------+
; Module Name          ; Machine Hostname ; OS Name    ; OS Version ; Processor type ;
+----------------------+------------------+------------+------------+----------------+
; Analysis & Synthesis ; Lucas            ; Windows 10 ; 10.0       ; x86_64         ;
; Fitter               ; Lucas            ; Windows 10 ; 10.0       ; x86_64         ;
; Assembler            ; Lucas            ; Windows 10 ; 10.0       ; x86_64         ;
; Timing Analyzer      ; Lucas            ; Windows 10 ; 10.0       ; x86_64         ;
; EDA Netlist Writer   ; Lucas            ; Windows 10 ; 10.0       ; x86_64         ;
+----------------------+------------------+------------+------------+----------------+


------------
; Flow Log ;
------------
quartus_map --read_settings_files=on --write_settings_files=off Single_Cycle_Processor -c Single_Cycle_Processor
quartus_fit --read_settings_files=off --write_settings_files=off Single_Cycle_Processor -c Single_Cycle_Processor
quartus_asm --read_settings_files=off --write_settings_files=off Single_Cycle_Processor -c Single_Cycle_Processor
quartus_sta Single_Cycle_Processor -c Single_Cycle_Processor
quartus_eda --read_settings_files=off --write_settings_files=off Single_Cycle_Processor -c Single_Cycle_Processor



